{"/Users/irhamdzuhri/Personal/Code/Projects/SnapSort-wt-0017/src/App.tsx": {"path":"/Users/irhamdzuhri/Personal/Code/Projects/SnapSort-wt-0017/src/App.tsx","statementMap":{"0":{"start":{"line":2,"column":2},"end":{"line":6,"column":null}}},"fnMap":{"0":{"name":"App","decl":{"start":{"line":1,"column":9},"end":{"line":1,"column":15}},"loc":{"start":{"line":1,"column":15},"end":{"line":8,"column":null}},"line":1}},"branchMap":{},"s":{"0":2},"f":{"0":2},"b":{},"meta":{"lastBranch":0,"lastFunction":1,"lastStatement":1,"seen":{"f:1:9:1:15":0,"s:2:2:6:Infinity":0}}}
,"/Users/irhamdzuhri/Personal/Code/Projects/SnapSort-wt-0017/src/api/index.ts": {"path":"/Users/irhamdzuhri/Personal/Code/Projects/SnapSort-wt-0017/src/api/index.ts","statementMap":{"0":{"start":{"line":12,"column":2},"end":{"line":12,"column":null}},"1":{"start":{"line":21,"column":2},"end":{"line":21,"column":null}},"2":{"start":{"line":26,"column":2},"end":{"line":26,"column":null}},"3":{"start":{"line":30,"column":2},"end":{"line":30,"column":null}},"4":{"start":{"line":34,"column":2},"end":{"line":34,"column":null}},"5":{"start":{"line":39,"column":2},"end":{"line":39,"column":null}},"6":{"start":{"line":43,"column":2},"end":{"line":43,"column":null}},"7":{"start":{"line":47,"column":2},"end":{"line":47,"column":null}},"8":{"start":{"line":52,"column":2},"end":{"line":52,"column":null}},"9":{"start":{"line":56,"column":2},"end":{"line":56,"column":null}},"10":{"start":{"line":61,"column":2},"end":{"line":61,"column":null}},"11":{"start":{"line":65,"column":2},"end":{"line":65,"column":null}}},"fnMap":{"0":{"name":"invokeTyped","decl":{"start":{"line":8,"column":22},"end":{"line":8,"column":null}},"loc":{"start":{"line":11,"column":14},"end":{"line":13,"column":null}},"line":11},"1":{"name":"healthCheck","decl":{"start":{"line":20,"column":22},"end":{"line":20,"column":36}},"loc":{"start":{"line":20,"column":36},"end":{"line":22,"column":null}},"line":20},"2":{"name":"getScreenshots","decl":{"start":{"line":25,"column":22},"end":{"line":25,"column":39}},"loc":{"start":{"line":25,"column":39},"end":{"line":27,"column":null}},"line":25},"3":{"name":"searchScreenshots","decl":{"start":{"line":29,"column":22},"end":{"line":29,"column":40}},"loc":{"start":{"line":29,"column":55},"end":{"line":31,"column":null}},"line":29},"4":{"name":"getScreenshotById","decl":{"start":{"line":33,"column":22},"end":{"line":33,"column":40}},"loc":{"start":{"line":33,"column":52},"end":{"line":35,"column":null}},"line":33},"5":{"name":"selectForBatch","decl":{"start":{"line":38,"column":22},"end":{"line":38,"column":37}},"loc":{"start":{"line":38,"column":56},"end":{"line":40,"column":null}},"line":38},"6":{"name":"deselectFromBatch","decl":{"start":{"line":42,"column":22},"end":{"line":42,"column":40}},"loc":{"start":{"line":42,"column":59},"end":{"line":44,"column":null}},"line":42},"7":{"name":"deleteBatchItems","decl":{"start":{"line":46,"column":22},"end":{"line":46,"column":39}},"loc":{"start":{"line":46,"column":58},"end":{"line":48,"column":null}},"line":46},"8":{"name":"getSettings","decl":{"start":{"line":51,"column":22},"end":{"line":51,"column":36}},"loc":{"start":{"line":51,"column":36},"end":{"line":53,"column":null}},"line":51},"9":{"name":"saveSettings","decl":{"start":{"line":55,"column":22},"end":{"line":55,"column":35}},"loc":{"start":{"line":55,"column":50},"end":{"line":57,"column":null}},"line":55},"10":{"name":"analyzeWithAI","decl":{"start":{"line":60,"column":22},"end":{"line":60,"column":36}},"loc":{"start":{"line":60,"column":55},"end":{"line":62,"column":null}},"line":60},"11":{"name":"generateSummary","decl":{"start":{"line":64,"column":22},"end":{"line":64,"column":38}},"loc":{"start":{"line":64,"column":55},"end":{"line":66,"column":null}},"line":64}},"branchMap":{},"s":{"0":32,"1":1,"2":4,"3":3,"4":2,"5":3,"6":2,"7":2,"8":3,"9":3,"10":3,"11":2},"f":{"0":32,"1":1,"2":4,"3":3,"4":2,"5":3,"6":2,"7":2,"8":3,"9":3,"10":3,"11":2},"b":{},"meta":{"lastBranch":0,"lastFunction":12,"lastStatement":12,"seen":{"f:8:22:8:Infinity":0,"s:12:2:12:Infinity":0,"f:20:22:20:36":1,"s:21:2:21:Infinity":1,"f:25:22:25:39":2,"s:26:2:26:Infinity":2,"f:29:22:29:40":3,"s:30:2:30:Infinity":3,"f:33:22:33:40":4,"s:34:2:34:Infinity":4,"f:38:22:38:37":5,"s:39:2:39:Infinity":5,"f:42:22:42:40":6,"s:43:2:43:Infinity":6,"f:46:22:46:39":7,"s:47:2:47:Infinity":7,"f:51:22:51:36":8,"s:52:2:52:Infinity":8,"f:55:22:55:35":9,"s:56:2:56:Infinity":9,"f:60:22:60:36":10,"s:61:2:61:Infinity":10,"f:64:22:64:38":11,"s:65:2:65:Infinity":11}}}
,"/Users/irhamdzuhri/Personal/Code/Projects/SnapSort-wt-0017/src/stores/useBatchStore.ts": {"path":"/Users/irhamdzuhri/Personal/Code/Projects/SnapSort-wt-0017/src/stores/useBatchStore.ts","statementMap":{"0":{"start":{"line":22,"column":13},"end":{"line":85,"column":null}},"1":{"start":{"line":22,"column":58},"end":{"line":85,"column":2}},"2":{"start":{"line":31,"column":4},"end":{"line":44,"column":null}},"3":{"start":{"line":32,"column":30},"end":{"line":32,"column":null}},"4":{"start":{"line":33,"column":25},"end":{"line":33,"column":null}},"5":{"start":{"line":34,"column":29},"end":{"line":36,"column":null}},"6":{"start":{"line":35,"column":36},"end":{"line":35,"column":44}},"7":{"start":{"line":37,"column":6},"end":{"line":43,"column":null}},"8":{"start":{"line":47,"column":4},"end":{"line":52,"column":null}},"9":{"start":{"line":47,"column":20},"end":{"line":52,"column":6}},"10":{"start":{"line":55,"column":4},"end":{"line":60,"column":null}},"11":{"start":{"line":63,"column":4},"end":{"line":68,"column":null}},"12":{"start":{"line":71,"column":4},"end":{"line":76,"column":null}},"13":{"start":{"line":79,"column":4},"end":{"line":84,"column":null}}},"fnMap":{"0":{"name":"(anonymous_0)","decl":{"start":{"line":22,"column":48},"end":{"line":22,"column":49}},"loc":{"start":{"line":22,"column":58},"end":{"line":85,"column":2}},"line":22},"1":{"name":"(anonymous_1)","decl":{"start":{"line":30,"column":19},"end":{"line":30,"column":20}},"loc":{"start":{"line":31,"column":4},"end":{"line":44,"column":null}},"line":31},"2":{"name":"(anonymous_2)","decl":{"start":{"line":31,"column":8},"end":{"line":31,"column":9}},"loc":{"start":{"line":31,"column":19},"end":{"line":44,"column":5}},"line":31},"3":{"name":"(anonymous_3)","decl":{"start":{"line":35,"column":29},"end":{"line":35,"column":30}},"loc":{"start":{"line":35,"column":36},"end":{"line":35,"column":44}},"line":35},"4":{"name":"(anonymous_4)","decl":{"start":{"line":46,"column":19},"end":{"line":46,"column":null}},"loc":{"start":{"line":47,"column":4},"end":{"line":52,"column":null}},"line":47},"5":{"name":"(anonymous_5)","decl":{"start":{"line":47,"column":8},"end":{"line":47,"column":9}},"loc":{"start":{"line":47,"column":20},"end":{"line":52,"column":6}},"line":47},"6":{"name":"(anonymous_6)","decl":{"start":{"line":54,"column":18},"end":{"line":54,"column":null}},"loc":{"start":{"line":55,"column":4},"end":{"line":60,"column":null}},"line":55},"7":{"name":"(anonymous_7)","decl":{"start":{"line":62,"column":18},"end":{"line":62,"column":19}},"loc":{"start":{"line":63,"column":4},"end":{"line":68,"column":null}},"line":63},"8":{"name":"(anonymous_8)","decl":{"start":{"line":70,"column":16},"end":{"line":70,"column":17}},"loc":{"start":{"line":71,"column":4},"end":{"line":76,"column":null}},"line":71},"9":{"name":"(anonymous_9)","decl":{"start":{"line":78,"column":9},"end":{"line":78,"column":null}},"loc":{"start":{"line":79,"column":4},"end":{"line":84,"column":null}},"line":79}},"branchMap":{"0":{"loc":{"start":{"line":34,"column":29},"end":{"line":36,"column":null}},"type":"cond-expr","locations":[{"start":{"line":35,"column":10},"end":{"line":35,"column":null}},{"start":{"line":36,"column":10},"end":{"line":36,"column":null}}],"line":34},"1":{"loc":{"start":{"line":49,"column":21},"end":{"line":49,"column":null}},"type":"cond-expr","locations":[{"start":{"line":49,"column":51},"end":{"line":49,"column":56}},{"start":{"line":49,"column":56},"end":{"line":49,"column":null}}],"line":49},"2":{"loc":{"start":{"line":73,"column":21},"end":{"line":73,"column":null}},"type":"cond-expr","locations":[{"start":{"line":73,"column":35},"end":{"line":73,"column":45}},{"start":{"line":73,"column":45},"end":{"line":73,"column":null}}],"line":73}},"s":{"0":3,"1":3,"2":9,"3":9,"4":9,"5":9,"6":3,"7":9,"8":5,"9":5,"10":11,"11":2,"12":3,"13":21},"f":{"0":3,"1":9,"2":9,"3":3,"4":5,"5":5,"6":11,"7":2,"8":3,"9":21},"b":{"0":[3,6],"1":[1,4],"2":[2,1]},"meta":{"lastBranch":3,"lastFunction":10,"lastStatement":14,"seen":{"s:22:13:85:Infinity":0,"f:22:48:22:49":0,"s:22:58:85:2":1,"f:30:19:30:20":1,"s:31:4:44:Infinity":2,"f:31:8:31:9":2,"s:32:30:32:Infinity":3,"s:33:25:33:Infinity":4,"s:34:29:36:Infinity":5,"b:35:10:35:Infinity:36:10:36:Infinity":0,"f:35:29:35:30":3,"s:35:36:35:44":6,"s:37:6:43:Infinity":7,"f:46:19:46:Infinity":4,"s:47:4:52:Infinity":8,"f:47:8:47:9":5,"s:47:20:52:6":9,"b:49:51:49:56:49:56:49:Infinity":1,"f:54:18:54:Infinity":6,"s:55:4:60:Infinity":10,"f:62:18:62:19":7,"s:63:4:68:Infinity":11,"f:70:16:70:17":8,"s:71:4:76:Infinity":12,"b:73:35:73:45:73:45:73:Infinity":2,"f:78:9:78:Infinity":9,"s:79:4:84:Infinity":13}}}
,"/Users/irhamdzuhri/Personal/Code/Projects/SnapSort-wt-0017/src/stores/useGalleryStore.ts": {"path":"/Users/irhamdzuhri/Personal/Code/Projects/SnapSort-wt-0017/src/stores/useGalleryStore.ts","statementMap":{"0":{"start":{"line":20,"column":13},"end":{"line":50,"column":null}},"1":{"start":{"line":20,"column":62},"end":{"line":50,"column":2}},"2":{"start":{"line":27,"column":35},"end":{"line":27,"column":null}},"3":{"start":{"line":29,"column":4},"end":{"line":31,"column":null}},"4":{"start":{"line":29,"column":20},"end":{"line":31,"column":6}},"5":{"start":{"line":33,"column":4},"end":{"line":37,"column":null}},"6":{"start":{"line":33,"column":20},"end":{"line":37,"column":6}},"7":{"start":{"line":35,"column":8},"end":{"line":35,"column":null}},"8":{"start":{"line":39,"column":4},"end":{"line":41,"column":null}},"9":{"start":{"line":39,"column":20},"end":{"line":41,"column":6}},"10":{"start":{"line":40,"column":51},"end":{"line":40,"column":62}},"11":{"start":{"line":42,"column":29},"end":{"line":42,"column":null}},"12":{"start":{"line":43,"column":23},"end":{"line":43,"column":null}},"13":{"start":{"line":45,"column":4},"end":{"line":49,"column":null}}},"fnMap":{"0":{"name":"(anonymous_0)","decl":{"start":{"line":20,"column":52},"end":{"line":20,"column":53}},"loc":{"start":{"line":20,"column":62},"end":{"line":50,"column":2}},"line":20},"1":{"name":"(anonymous_1)","decl":{"start":{"line":27,"column":18},"end":{"line":27,"column":19}},"loc":{"start":{"line":27,"column":35},"end":{"line":27,"column":null}},"line":27},"2":{"name":"(anonymous_2)","decl":{"start":{"line":28,"column":17},"end":{"line":28,"column":18}},"loc":{"start":{"line":29,"column":4},"end":{"line":31,"column":null}},"line":29},"3":{"name":"(anonymous_3)","decl":{"start":{"line":29,"column":8},"end":{"line":29,"column":9}},"loc":{"start":{"line":29,"column":20},"end":{"line":31,"column":6}},"line":29},"4":{"name":"(anonymous_4)","decl":{"start":{"line":32,"column":20},"end":{"line":32,"column":21}},"loc":{"start":{"line":33,"column":4},"end":{"line":37,"column":null}},"line":33},"5":{"name":"(anonymous_5)","decl":{"start":{"line":33,"column":8},"end":{"line":33,"column":9}},"loc":{"start":{"line":33,"column":20},"end":{"line":37,"column":6}},"line":33},"6":{"name":"(anonymous_6)","decl":{"start":{"line":34,"column":41},"end":{"line":34,"column":42}},"loc":{"start":{"line":35,"column":8},"end":{"line":35,"column":null}},"line":35},"7":{"name":"(anonymous_7)","decl":{"start":{"line":38,"column":20},"end":{"line":38,"column":21}},"loc":{"start":{"line":39,"column":4},"end":{"line":41,"column":null}},"line":39},"8":{"name":"(anonymous_8)","decl":{"start":{"line":39,"column":8},"end":{"line":39,"column":9}},"loc":{"start":{"line":39,"column":20},"end":{"line":41,"column":6}},"line":39},"9":{"name":"(anonymous_9)","decl":{"start":{"line":40,"column":44},"end":{"line":40,"column":45}},"loc":{"start":{"line":40,"column":51},"end":{"line":40,"column":62}},"line":40},"10":{"name":"(anonymous_10)","decl":{"start":{"line":42,"column":14},"end":{"line":42,"column":15}},"loc":{"start":{"line":42,"column":29},"end":{"line":42,"column":null}},"line":42},"11":{"name":"(anonymous_11)","decl":{"start":{"line":43,"column":12},"end":{"line":43,"column":13}},"loc":{"start":{"line":43,"column":23},"end":{"line":43,"column":null}},"line":43},"12":{"name":"(anonymous_12)","decl":{"start":{"line":44,"column":9},"end":{"line":44,"column":null}},"loc":{"start":{"line":45,"column":4},"end":{"line":49,"column":null}},"line":45}},"branchMap":{"0":{"loc":{"start":{"line":35,"column":8},"end":{"line":35,"column":null}},"type":"cond-expr","locations":[{"start":{"line":35,"column":22},"end":{"line":35,"column":45}},{"start":{"line":35,"column":45},"end":{"line":35,"column":null}}],"line":35}},"s":{"0":3,"1":3,"2":10,"3":6,"4":6,"5":3,"6":3,"7":4,"8":1,"9":1,"10":1,"11":2,"12":3,"13":21},"f":{"0":3,"1":10,"2":6,"3":6,"4":3,"5":3,"6":4,"7":1,"8":1,"9":1,"10":2,"11":3,"12":21},"b":{"0":[2,2]},"meta":{"lastBranch":1,"lastFunction":13,"lastStatement":14,"seen":{"s:20:13:50:Infinity":0,"f:20:52:20:53":0,"s:20:62:50:2":1,"f:27:18:27:19":1,"s:27:35:27:Infinity":2,"f:28:17:28:18":2,"s:29:4:31:Infinity":3,"f:29:8:29:9":3,"s:29:20:31:6":4,"f:32:20:32:21":4,"s:33:4:37:Infinity":5,"f:33:8:33:9":5,"s:33:20:37:6":6,"f:34:41:34:42":6,"s:35:8:35:Infinity":7,"b:35:22:35:45:35:45:35:Infinity":0,"f:38:20:38:21":7,"s:39:4:41:Infinity":8,"f:39:8:39:9":8,"s:39:20:41:6":9,"f:40:44:40:45":9,"s:40:51:40:62":10,"f:42:14:42:15":10,"s:42:29:42:Infinity":11,"f:43:12:43:13":11,"s:43:23:43:Infinity":12,"f:44:9:44:Infinity":12,"s:45:4:49:Infinity":13}}}
,"/Users/irhamdzuhri/Personal/Code/Projects/SnapSort-wt-0017/src/stores/useSettingsStore.ts": {"path":"/Users/irhamdzuhri/Personal/Code/Projects/SnapSort-wt-0017/src/stores/useSettingsStore.ts","statementMap":{"0":{"start":{"line":22,"column":13},"end":{"line":86,"column":null}},"1":{"start":{"line":22,"column":64},"end":{"line":86,"column":2}},"2":{"start":{"line":36,"column":29},"end":{"line":36,"column":null}},"3":{"start":{"line":38,"column":4},"end":{"line":40,"column":null}},"4":{"start":{"line":38,"column":20},"end":{"line":40,"column":6}},"5":{"start":{"line":42,"column":4},"end":{"line":44,"column":null}},"6":{"start":{"line":42,"column":20},"end":{"line":44,"column":6}},"7":{"start":{"line":46,"column":4},"end":{"line":48,"column":null}},"8":{"start":{"line":46,"column":20},"end":{"line":48,"column":6}},"9":{"start":{"line":50,"column":4},"end":{"line":52,"column":null}},"10":{"start":{"line":50,"column":20},"end":{"line":52,"column":6}},"11":{"start":{"line":54,"column":4},"end":{"line":56,"column":null}},"12":{"start":{"line":54,"column":20},"end":{"line":56,"column":6}},"13":{"start":{"line":58,"column":4},"end":{"line":60,"column":null}},"14":{"start":{"line":58,"column":20},"end":{"line":60,"column":6}},"15":{"start":{"line":62,"column":4},"end":{"line":64,"column":null}},"16":{"start":{"line":62,"column":20},"end":{"line":64,"column":6}},"17":{"start":{"line":66,"column":4},"end":{"line":68,"column":null}},"18":{"start":{"line":66,"column":20},"end":{"line":68,"column":6}},"19":{"start":{"line":70,"column":4},"end":{"line":72,"column":null}},"20":{"start":{"line":70,"column":20},"end":{"line":72,"column":6}},"21":{"start":{"line":74,"column":4},"end":{"line":85,"column":null}}},"fnMap":{"0":{"name":"(anonymous_0)","decl":{"start":{"line":22,"column":54},"end":{"line":22,"column":55}},"loc":{"start":{"line":22,"column":64},"end":{"line":86,"column":2}},"line":22},"1":{"name":"(anonymous_1)","decl":{"start":{"line":36,"column":15},"end":{"line":36,"column":16}},"loc":{"start":{"line":36,"column":29},"end":{"line":36,"column":null}},"line":36},"2":{"name":"(anonymous_2)","decl":{"start":{"line":37,"column":18},"end":{"line":37,"column":19}},"loc":{"start":{"line":38,"column":4},"end":{"line":40,"column":null}},"line":38},"3":{"name":"(anonymous_3)","decl":{"start":{"line":38,"column":8},"end":{"line":38,"column":9}},"loc":{"start":{"line":38,"column":20},"end":{"line":40,"column":6}},"line":38},"4":{"name":"(anonymous_4)","decl":{"start":{"line":41,"column":19},"end":{"line":41,"column":20}},"loc":{"start":{"line":42,"column":4},"end":{"line":44,"column":null}},"line":42},"5":{"name":"(anonymous_5)","decl":{"start":{"line":42,"column":8},"end":{"line":42,"column":9}},"loc":{"start":{"line":42,"column":20},"end":{"line":44,"column":6}},"line":42},"6":{"name":"(anonymous_6)","decl":{"start":{"line":45,"column":22},"end":{"line":45,"column":23}},"loc":{"start":{"line":46,"column":4},"end":{"line":48,"column":null}},"line":46},"7":{"name":"(anonymous_7)","decl":{"start":{"line":46,"column":8},"end":{"line":46,"column":9}},"loc":{"start":{"line":46,"column":20},"end":{"line":48,"column":6}},"line":46},"8":{"name":"(anonymous_8)","decl":{"start":{"line":49,"column":17},"end":{"line":49,"column":18}},"loc":{"start":{"line":50,"column":4},"end":{"line":52,"column":null}},"line":50},"9":{"name":"(anonymous_9)","decl":{"start":{"line":50,"column":8},"end":{"line":50,"column":9}},"loc":{"start":{"line":50,"column":20},"end":{"line":52,"column":6}},"line":50},"10":{"name":"(anonymous_10)","decl":{"start":{"line":53,"column":16},"end":{"line":53,"column":17}},"loc":{"start":{"line":54,"column":4},"end":{"line":56,"column":null}},"line":54},"11":{"name":"(anonymous_11)","decl":{"start":{"line":54,"column":8},"end":{"line":54,"column":9}},"loc":{"start":{"line":54,"column":20},"end":{"line":56,"column":6}},"line":54},"12":{"name":"(anonymous_12)","decl":{"start":{"line":57,"column":18},"end":{"line":57,"column":19}},"loc":{"start":{"line":58,"column":4},"end":{"line":60,"column":null}},"line":58},"13":{"name":"(anonymous_13)","decl":{"start":{"line":58,"column":8},"end":{"line":58,"column":9}},"loc":{"start":{"line":58,"column":20},"end":{"line":60,"column":6}},"line":58},"14":{"name":"(anonymous_14)","decl":{"start":{"line":61,"column":17},"end":{"line":61,"column":18}},"loc":{"start":{"line":62,"column":4},"end":{"line":64,"column":null}},"line":62},"15":{"name":"(anonymous_15)","decl":{"start":{"line":62,"column":8},"end":{"line":62,"column":9}},"loc":{"start":{"line":62,"column":20},"end":{"line":64,"column":6}},"line":62},"16":{"name":"(anonymous_16)","decl":{"start":{"line":65,"column":14},"end":{"line":65,"column":15}},"loc":{"start":{"line":66,"column":4},"end":{"line":68,"column":null}},"line":66},"17":{"name":"(anonymous_17)","decl":{"start":{"line":66,"column":8},"end":{"line":66,"column":9}},"loc":{"start":{"line":66,"column":20},"end":{"line":68,"column":6}},"line":66},"18":{"name":"(anonymous_18)","decl":{"start":{"line":69,"column":12},"end":{"line":69,"column":13}},"loc":{"start":{"line":70,"column":4},"end":{"line":72,"column":null}},"line":70},"19":{"name":"(anonymous_19)","decl":{"start":{"line":70,"column":8},"end":{"line":70,"column":9}},"loc":{"start":{"line":70,"column":20},"end":{"line":72,"column":6}},"line":70},"20":{"name":"(anonymous_20)","decl":{"start":{"line":73,"column":9},"end":{"line":73,"column":null}},"loc":{"start":{"line":74,"column":4},"end":{"line":85,"column":null}},"line":74}},"branchMap":{},"s":{"0":3,"1":3,"2":1,"3":7,"4":7,"5":3,"6":3,"7":1,"8":1,"9":1,"10":1,"11":1,"12":1,"13":1,"14":1,"15":1,"16":1,"17":1,"18":1,"19":1,"20":1,"21":25},"f":{"0":3,"1":1,"2":7,"3":7,"4":3,"5":3,"6":1,"7":1,"8":1,"9":1,"10":1,"11":1,"12":1,"13":1,"14":1,"15":1,"16":1,"17":1,"18":1,"19":1,"20":25},"b":{},"meta":{"lastBranch":0,"lastFunction":21,"lastStatement":22,"seen":{"s:22:13:86:Infinity":0,"f:22:54:22:55":0,"s:22:64:86:2":1,"f:36:15:36:16":1,"s:36:29:36:Infinity":2,"f:37:18:37:19":2,"s:38:4:40:Infinity":3,"f:38:8:38:9":3,"s:38:20:40:6":4,"f:41:19:41:20":4,"s:42:4:44:Infinity":5,"f:42:8:42:9":5,"s:42:20:44:6":6,"f:45:22:45:23":6,"s:46:4:48:Infinity":7,"f:46:8:46:9":7,"s:46:20:48:6":8,"f:49:17:49:18":8,"s:50:4:52:Infinity":9,"f:50:8:50:9":9,"s:50:20:52:6":10,"f:53:16:53:17":10,"s:54:4:56:Infinity":11,"f:54:8:54:9":11,"s:54:20:56:6":12,"f:57:18:57:19":12,"s:58:4:60:Infinity":13,"f:58:8:58:9":13,"s:58:20:60:6":14,"f:61:17:61:18":14,"s:62:4:64:Infinity":15,"f:62:8:62:9":15,"s:62:20:64:6":16,"f:65:14:65:15":16,"s:66:4:68:Infinity":17,"f:66:8:66:9":17,"s:66:20:68:6":18,"f:69:12:69:13":18,"s:70:4:72:Infinity":19,"f:70:8:70:9":19,"s:70:20:72:6":20,"f:73:9:73:Infinity":20,"s:74:4:85:Infinity":21}}}
,"/Users/irhamdzuhri/Personal/Code/Projects/SnapSort-wt-0017/src/test/setup.ts": {"path":"/Users/irhamdzuhri/Personal/Code/Projects/SnapSort-wt-0017/src/test/setup.ts","statementMap":{},"fnMap":{},"branchMap":{},"s":{},"f":{},"b":{},"meta":{"lastBranch":0,"lastFunction":0,"lastStatement":0,"seen":{}}}
}
