{"/Users/irhamdzuhri/Personal/Code/Projects/SnapSort-wt-0002/src/App.tsx": {"path":"/Users/irhamdzuhri/Personal/Code/Projects/SnapSort-wt-0002/src/App.tsx","statementMap":{"0":{"start":{"line":2,"column":2},"end":{"line":6,"column":null}}},"fnMap":{"0":{"name":"App","decl":{"start":{"line":1,"column":9},"end":{"line":1,"column":15}},"loc":{"start":{"line":1,"column":15},"end":{"line":8,"column":null}},"line":1}},"branchMap":{},"s":{"0":2},"f":{"0":2},"b":{},"meta":{"lastBranch":0,"lastFunction":1,"lastStatement":1,"seen":{"f:1:9:1:15":0,"s:2:2:6:Infinity":0}}}
,"/Users/irhamdzuhri/Personal/Code/Projects/SnapSort-wt-0002/src/api/index.ts": {"path":"/Users/irhamdzuhri/Personal/Code/Projects/SnapSort-wt-0002/src/api/index.ts","statementMap":{"0":{"start":{"line":12,"column":2},"end":{"line":12,"column":null}},"1":{"start":{"line":21,"column":2},"end":{"line":21,"column":null}},"2":{"start":{"line":25,"column":2},"end":{"line":25,"column":null}},"3":{"start":{"line":29,"column":2},"end":{"line":29,"column":null}},"4":{"start":{"line":34,"column":2},"end":{"line":34,"column":null}},"5":{"start":{"line":38,"column":2},"end":{"line":38,"column":null}},"6":{"start":{"line":42,"column":2},"end":{"line":42,"column":null}},"7":{"start":{"line":47,"column":2},"end":{"line":47,"column":null}},"8":{"start":{"line":51,"column":2},"end":{"line":51,"column":null}},"9":{"start":{"line":56,"column":2},"end":{"line":56,"column":null}},"10":{"start":{"line":60,"column":2},"end":{"line":60,"column":null}}},"fnMap":{"0":{"name":"invokeTyped","decl":{"start":{"line":8,"column":22},"end":{"line":8,"column":null}},"loc":{"start":{"line":11,"column":14},"end":{"line":13,"column":null}},"line":11},"1":{"name":"getScreenshots","decl":{"start":{"line":20,"column":22},"end":{"line":20,"column":39}},"loc":{"start":{"line":20,"column":39},"end":{"line":22,"column":null}},"line":20},"2":{"name":"searchScreenshots","decl":{"start":{"line":24,"column":22},"end":{"line":24,"column":40}},"loc":{"start":{"line":24,"column":55},"end":{"line":26,"column":null}},"line":24},"3":{"name":"getScreenshotById","decl":{"start":{"line":28,"column":22},"end":{"line":28,"column":40}},"loc":{"start":{"line":28,"column":52},"end":{"line":30,"column":null}},"line":28},"4":{"name":"selectForBatch","decl":{"start":{"line":33,"column":22},"end":{"line":33,"column":37}},"loc":{"start":{"line":33,"column":56},"end":{"line":35,"column":null}},"line":33},"5":{"name":"deselectFromBatch","decl":{"start":{"line":37,"column":22},"end":{"line":37,"column":40}},"loc":{"start":{"line":37,"column":59},"end":{"line":39,"column":null}},"line":37},"6":{"name":"deleteBatchItems","decl":{"start":{"line":41,"column":22},"end":{"line":41,"column":39}},"loc":{"start":{"line":41,"column":58},"end":{"line":43,"column":null}},"line":41},"7":{"name":"getSettings","decl":{"start":{"line":46,"column":22},"end":{"line":46,"column":36}},"loc":{"start":{"line":46,"column":36},"end":{"line":48,"column":null}},"line":46},"8":{"name":"saveSettings","decl":{"start":{"line":50,"column":22},"end":{"line":50,"column":35}},"loc":{"start":{"line":50,"column":50},"end":{"line":52,"column":null}},"line":50},"9":{"name":"analyzeWithAI","decl":{"start":{"line":55,"column":22},"end":{"line":55,"column":36}},"loc":{"start":{"line":55,"column":55},"end":{"line":57,"column":null}},"line":55},"10":{"name":"generateSummary","decl":{"start":{"line":59,"column":22},"end":{"line":59,"column":38}},"loc":{"start":{"line":59,"column":55},"end":{"line":61,"column":null}},"line":59}},"branchMap":{},"s":{"0":18,"1":2,"2":2,"3":1,"4":2,"5":1,"6":1,"7":2,"8":1,"9":2,"10":1},"f":{"0":18,"1":2,"2":2,"3":1,"4":2,"5":1,"6":1,"7":2,"8":1,"9":2,"10":1},"b":{},"meta":{"lastBranch":0,"lastFunction":11,"lastStatement":11,"seen":{"f:8:22:8:Infinity":0,"s:12:2:12:Infinity":0,"f:20:22:20:39":1,"s:21:2:21:Infinity":1,"f:24:22:24:40":2,"s:25:2:25:Infinity":2,"f:28:22:28:40":3,"s:29:2:29:Infinity":3,"f:33:22:33:37":4,"s:34:2:34:Infinity":4,"f:37:22:37:40":5,"s:38:2:38:Infinity":5,"f:41:22:41:39":6,"s:42:2:42:Infinity":6,"f:46:22:46:36":7,"s:47:2:47:Infinity":7,"f:50:22:50:35":8,"s:51:2:51:Infinity":8,"f:55:22:55:36":9,"s:56:2:56:Infinity":9,"f:59:22:59:38":10,"s:60:2:60:Infinity":10}}}
,"/Users/irhamdzuhri/Personal/Code/Projects/SnapSort-wt-0002/src/stores/useBatchStore.ts": {"path":"/Users/irhamdzuhri/Personal/Code/Projects/SnapSort-wt-0002/src/stores/useBatchStore.ts","statementMap":{"0":{"start":{"line":21,"column":13},"end":{"line":84,"column":null}},"1":{"start":{"line":21,"column":58},"end":{"line":84,"column":2}},"2":{"start":{"line":30,"column":4},"end":{"line":43,"column":null}},"3":{"start":{"line":31,"column":30},"end":{"line":31,"column":null}},"4":{"start":{"line":32,"column":25},"end":{"line":32,"column":null}},"5":{"start":{"line":33,"column":29},"end":{"line":35,"column":null}},"6":{"start":{"line":34,"column":36},"end":{"line":34,"column":44}},"7":{"start":{"line":36,"column":6},"end":{"line":42,"column":null}},"8":{"start":{"line":46,"column":4},"end":{"line":51,"column":null}},"9":{"start":{"line":46,"column":20},"end":{"line":51,"column":6}},"10":{"start":{"line":54,"column":4},"end":{"line":59,"column":null}},"11":{"start":{"line":62,"column":4},"end":{"line":67,"column":null}},"12":{"start":{"line":70,"column":4},"end":{"line":75,"column":null}},"13":{"start":{"line":78,"column":4},"end":{"line":83,"column":null}}},"fnMap":{"0":{"name":"(anonymous_0)","decl":{"start":{"line":21,"column":48},"end":{"line":21,"column":49}},"loc":{"start":{"line":21,"column":58},"end":{"line":84,"column":2}},"line":21},"1":{"name":"(anonymous_1)","decl":{"start":{"line":29,"column":19},"end":{"line":29,"column":20}},"loc":{"start":{"line":30,"column":4},"end":{"line":43,"column":null}},"line":30},"2":{"name":"(anonymous_2)","decl":{"start":{"line":30,"column":8},"end":{"line":30,"column":9}},"loc":{"start":{"line":30,"column":19},"end":{"line":43,"column":5}},"line":30},"3":{"name":"(anonymous_3)","decl":{"start":{"line":34,"column":29},"end":{"line":34,"column":30}},"loc":{"start":{"line":34,"column":36},"end":{"line":34,"column":44}},"line":34},"4":{"name":"(anonymous_4)","decl":{"start":{"line":45,"column":19},"end":{"line":45,"column":null}},"loc":{"start":{"line":46,"column":4},"end":{"line":51,"column":null}},"line":46},"5":{"name":"(anonymous_5)","decl":{"start":{"line":46,"column":8},"end":{"line":46,"column":9}},"loc":{"start":{"line":46,"column":20},"end":{"line":51,"column":6}},"line":46},"6":{"name":"(anonymous_6)","decl":{"start":{"line":53,"column":18},"end":{"line":53,"column":null}},"loc":{"start":{"line":54,"column":4},"end":{"line":59,"column":null}},"line":54},"7":{"name":"(anonymous_7)","decl":{"start":{"line":61,"column":18},"end":{"line":61,"column":19}},"loc":{"start":{"line":62,"column":4},"end":{"line":67,"column":null}},"line":62},"8":{"name":"(anonymous_8)","decl":{"start":{"line":69,"column":16},"end":{"line":69,"column":17}},"loc":{"start":{"line":70,"column":4},"end":{"line":75,"column":null}},"line":70},"9":{"name":"(anonymous_9)","decl":{"start":{"line":77,"column":9},"end":{"line":77,"column":null}},"loc":{"start":{"line":78,"column":4},"end":{"line":83,"column":null}},"line":78}},"branchMap":{"0":{"loc":{"start":{"line":33,"column":29},"end":{"line":35,"column":null}},"type":"cond-expr","locations":[{"start":{"line":34,"column":10},"end":{"line":34,"column":null}},{"start":{"line":35,"column":10},"end":{"line":35,"column":null}}],"line":33},"1":{"loc":{"start":{"line":48,"column":21},"end":{"line":48,"column":null}},"type":"cond-expr","locations":[{"start":{"line":48,"column":51},"end":{"line":48,"column":56}},{"start":{"line":48,"column":56},"end":{"line":48,"column":null}}],"line":48},"2":{"loc":{"start":{"line":72,"column":21},"end":{"line":72,"column":null}},"type":"cond-expr","locations":[{"start":{"line":72,"column":35},"end":{"line":72,"column":45}},{"start":{"line":72,"column":45},"end":{"line":72,"column":null}}],"line":72}},"s":{"0":2,"1":2,"2":7,"3":7,"4":7,"5":7,"6":2,"7":7,"8":4,"9":4,"10":10,"11":2,"12":3,"13":4},"f":{"0":2,"1":7,"2":7,"3":2,"4":4,"5":4,"6":10,"7":2,"8":3,"9":4},"b":{"0":[2,5],"1":[1,3],"2":[2,1]},"meta":{"lastBranch":3,"lastFunction":10,"lastStatement":14,"seen":{"s:21:13:84:Infinity":0,"f:21:48:21:49":0,"s:21:58:84:2":1,"f:29:19:29:20":1,"s:30:4:43:Infinity":2,"f:30:8:30:9":2,"s:31:30:31:Infinity":3,"s:32:25:32:Infinity":4,"s:33:29:35:Infinity":5,"b:34:10:34:Infinity:35:10:35:Infinity":0,"f:34:29:34:30":3,"s:34:36:34:44":6,"s:36:6:42:Infinity":7,"f:45:19:45:Infinity":4,"s:46:4:51:Infinity":8,"f:46:8:46:9":5,"s:46:20:51:6":9,"b:48:51:48:56:48:56:48:Infinity":1,"f:53:18:53:Infinity":6,"s:54:4:59:Infinity":10,"f:61:18:61:19":7,"s:62:4:67:Infinity":11,"f:69:16:69:17":8,"s:70:4:75:Infinity":12,"b:72:35:72:45:72:45:72:Infinity":2,"f:77:9:77:Infinity":9,"s:78:4:83:Infinity":13}}}
,"/Users/irhamdzuhri/Personal/Code/Projects/SnapSort-wt-0002/src/stores/useGalleryStore.ts": {"path":"/Users/irhamdzuhri/Personal/Code/Projects/SnapSort-wt-0002/src/stores/useGalleryStore.ts","statementMap":{"0":{"start":{"line":35,"column":13},"end":{"line":65,"column":null}},"1":{"start":{"line":35,"column":62},"end":{"line":65,"column":2}},"2":{"start":{"line":42,"column":35},"end":{"line":42,"column":null}},"3":{"start":{"line":44,"column":4},"end":{"line":46,"column":null}},"4":{"start":{"line":44,"column":20},"end":{"line":46,"column":6}},"5":{"start":{"line":48,"column":4},"end":{"line":52,"column":null}},"6":{"start":{"line":48,"column":20},"end":{"line":52,"column":6}},"7":{"start":{"line":50,"column":8},"end":{"line":50,"column":null}},"8":{"start":{"line":54,"column":4},"end":{"line":56,"column":null}},"9":{"start":{"line":54,"column":20},"end":{"line":56,"column":6}},"10":{"start":{"line":55,"column":51},"end":{"line":55,"column":62}},"11":{"start":{"line":57,"column":29},"end":{"line":57,"column":null}},"12":{"start":{"line":58,"column":23},"end":{"line":58,"column":null}},"13":{"start":{"line":60,"column":4},"end":{"line":64,"column":null}}},"fnMap":{"0":{"name":"(anonymous_0)","decl":{"start":{"line":35,"column":52},"end":{"line":35,"column":53}},"loc":{"start":{"line":35,"column":62},"end":{"line":65,"column":2}},"line":35},"1":{"name":"(anonymous_1)","decl":{"start":{"line":42,"column":18},"end":{"line":42,"column":19}},"loc":{"start":{"line":42,"column":35},"end":{"line":42,"column":null}},"line":42},"2":{"name":"(anonymous_2)","decl":{"start":{"line":43,"column":17},"end":{"line":43,"column":18}},"loc":{"start":{"line":44,"column":4},"end":{"line":46,"column":null}},"line":44},"3":{"name":"(anonymous_3)","decl":{"start":{"line":44,"column":8},"end":{"line":44,"column":9}},"loc":{"start":{"line":44,"column":20},"end":{"line":46,"column":6}},"line":44},"4":{"name":"(anonymous_4)","decl":{"start":{"line":47,"column":20},"end":{"line":47,"column":21}},"loc":{"start":{"line":48,"column":4},"end":{"line":52,"column":null}},"line":48},"5":{"name":"(anonymous_5)","decl":{"start":{"line":48,"column":8},"end":{"line":48,"column":9}},"loc":{"start":{"line":48,"column":20},"end":{"line":52,"column":6}},"line":48},"6":{"name":"(anonymous_6)","decl":{"start":{"line":49,"column":41},"end":{"line":49,"column":42}},"loc":{"start":{"line":50,"column":8},"end":{"line":50,"column":null}},"line":50},"7":{"name":"(anonymous_7)","decl":{"start":{"line":53,"column":20},"end":{"line":53,"column":21}},"loc":{"start":{"line":54,"column":4},"end":{"line":56,"column":null}},"line":54},"8":{"name":"(anonymous_8)","decl":{"start":{"line":54,"column":8},"end":{"line":54,"column":9}},"loc":{"start":{"line":54,"column":20},"end":{"line":56,"column":6}},"line":54},"9":{"name":"(anonymous_9)","decl":{"start":{"line":55,"column":44},"end":{"line":55,"column":45}},"loc":{"start":{"line":55,"column":51},"end":{"line":55,"column":62}},"line":55},"10":{"name":"(anonymous_10)","decl":{"start":{"line":57,"column":14},"end":{"line":57,"column":15}},"loc":{"start":{"line":57,"column":29},"end":{"line":57,"column":null}},"line":57},"11":{"name":"(anonymous_11)","decl":{"start":{"line":58,"column":12},"end":{"line":58,"column":13}},"loc":{"start":{"line":58,"column":23},"end":{"line":58,"column":null}},"line":58},"12":{"name":"(anonymous_12)","decl":{"start":{"line":59,"column":9},"end":{"line":59,"column":null}},"loc":{"start":{"line":60,"column":4},"end":{"line":64,"column":null}},"line":60}},"branchMap":{"0":{"loc":{"start":{"line":50,"column":8},"end":{"line":50,"column":null}},"type":"cond-expr","locations":[{"start":{"line":50,"column":22},"end":{"line":50,"column":45}},{"start":{"line":50,"column":45},"end":{"line":50,"column":null}}],"line":50}},"s":{"0":2,"1":2,"2":10,"3":5,"4":5,"5":2,"6":2,"7":3,"8":1,"9":1,"10":1,"11":2,"12":3,"13":4},"f":{"0":2,"1":10,"2":5,"3":5,"4":2,"5":2,"6":3,"7":1,"8":1,"9":1,"10":2,"11":3,"12":4},"b":{"0":[1,2]},"meta":{"lastBranch":1,"lastFunction":13,"lastStatement":14,"seen":{"s:35:13:65:Infinity":0,"f:35:52:35:53":0,"s:35:62:65:2":1,"f:42:18:42:19":1,"s:42:35:42:Infinity":2,"f:43:17:43:18":2,"s:44:4:46:Infinity":3,"f:44:8:44:9":3,"s:44:20:46:6":4,"f:47:20:47:21":4,"s:48:4:52:Infinity":5,"f:48:8:48:9":5,"s:48:20:52:6":6,"f:49:41:49:42":6,"s:50:8:50:Infinity":7,"b:50:22:50:45:50:45:50:Infinity":0,"f:53:20:53:21":7,"s:54:4:56:Infinity":8,"f:54:8:54:9":8,"s:54:20:56:6":9,"f:55:44:55:45":9,"s:55:51:55:62":10,"f:57:14:57:15":10,"s:57:29:57:Infinity":11,"f:58:12:58:13":11,"s:58:23:58:Infinity":12,"f:59:9:59:Infinity":12,"s:60:4:64:Infinity":13}}}
,"/Users/irhamdzuhri/Personal/Code/Projects/SnapSort-wt-0002/src/stores/useSettingsStore.ts": {"path":"/Users/irhamdzuhri/Personal/Code/Projects/SnapSort-wt-0002/src/stores/useSettingsStore.ts","statementMap":{"0":{"start":{"line":32,"column":13},"end":{"line":96,"column":null}},"1":{"start":{"line":32,"column":64},"end":{"line":96,"column":2}},"2":{"start":{"line":46,"column":29},"end":{"line":46,"column":null}},"3":{"start":{"line":48,"column":4},"end":{"line":50,"column":null}},"4":{"start":{"line":48,"column":20},"end":{"line":50,"column":6}},"5":{"start":{"line":52,"column":4},"end":{"line":54,"column":null}},"6":{"start":{"line":52,"column":20},"end":{"line":54,"column":6}},"7":{"start":{"line":56,"column":4},"end":{"line":58,"column":null}},"8":{"start":{"line":56,"column":20},"end":{"line":58,"column":6}},"9":{"start":{"line":60,"column":4},"end":{"line":62,"column":null}},"10":{"start":{"line":60,"column":20},"end":{"line":62,"column":6}},"11":{"start":{"line":64,"column":4},"end":{"line":66,"column":null}},"12":{"start":{"line":64,"column":20},"end":{"line":66,"column":6}},"13":{"start":{"line":68,"column":4},"end":{"line":70,"column":null}},"14":{"start":{"line":68,"column":20},"end":{"line":70,"column":6}},"15":{"start":{"line":72,"column":4},"end":{"line":74,"column":null}},"16":{"start":{"line":72,"column":20},"end":{"line":74,"column":6}},"17":{"start":{"line":76,"column":4},"end":{"line":78,"column":null}},"18":{"start":{"line":76,"column":20},"end":{"line":78,"column":6}},"19":{"start":{"line":80,"column":4},"end":{"line":82,"column":null}},"20":{"start":{"line":80,"column":20},"end":{"line":82,"column":6}},"21":{"start":{"line":84,"column":4},"end":{"line":95,"column":null}}},"fnMap":{"0":{"name":"(anonymous_0)","decl":{"start":{"line":32,"column":54},"end":{"line":32,"column":55}},"loc":{"start":{"line":32,"column":64},"end":{"line":96,"column":2}},"line":32},"1":{"name":"(anonymous_1)","decl":{"start":{"line":46,"column":15},"end":{"line":46,"column":16}},"loc":{"start":{"line":46,"column":29},"end":{"line":46,"column":null}},"line":46},"2":{"name":"(anonymous_2)","decl":{"start":{"line":47,"column":18},"end":{"line":47,"column":19}},"loc":{"start":{"line":48,"column":4},"end":{"line":50,"column":null}},"line":48},"3":{"name":"(anonymous_3)","decl":{"start":{"line":48,"column":8},"end":{"line":48,"column":9}},"loc":{"start":{"line":48,"column":20},"end":{"line":50,"column":6}},"line":48},"4":{"name":"(anonymous_4)","decl":{"start":{"line":51,"column":19},"end":{"line":51,"column":20}},"loc":{"start":{"line":52,"column":4},"end":{"line":54,"column":null}},"line":52},"5":{"name":"(anonymous_5)","decl":{"start":{"line":52,"column":8},"end":{"line":52,"column":9}},"loc":{"start":{"line":52,"column":20},"end":{"line":54,"column":6}},"line":52},"6":{"name":"(anonymous_6)","decl":{"start":{"line":55,"column":22},"end":{"line":55,"column":23}},"loc":{"start":{"line":56,"column":4},"end":{"line":58,"column":null}},"line":56},"7":{"name":"(anonymous_7)","decl":{"start":{"line":56,"column":8},"end":{"line":56,"column":9}},"loc":{"start":{"line":56,"column":20},"end":{"line":58,"column":6}},"line":56},"8":{"name":"(anonymous_8)","decl":{"start":{"line":59,"column":17},"end":{"line":59,"column":18}},"loc":{"start":{"line":60,"column":4},"end":{"line":62,"column":null}},"line":60},"9":{"name":"(anonymous_9)","decl":{"start":{"line":60,"column":8},"end":{"line":60,"column":9}},"loc":{"start":{"line":60,"column":20},"end":{"line":62,"column":6}},"line":60},"10":{"name":"(anonymous_10)","decl":{"start":{"line":63,"column":16},"end":{"line":63,"column":17}},"loc":{"start":{"line":64,"column":4},"end":{"line":66,"column":null}},"line":64},"11":{"name":"(anonymous_11)","decl":{"start":{"line":64,"column":8},"end":{"line":64,"column":9}},"loc":{"start":{"line":64,"column":20},"end":{"line":66,"column":6}},"line":64},"12":{"name":"(anonymous_12)","decl":{"start":{"line":67,"column":18},"end":{"line":67,"column":19}},"loc":{"start":{"line":68,"column":4},"end":{"line":70,"column":null}},"line":68},"13":{"name":"(anonymous_13)","decl":{"start":{"line":68,"column":8},"end":{"line":68,"column":9}},"loc":{"start":{"line":68,"column":20},"end":{"line":70,"column":6}},"line":68},"14":{"name":"(anonymous_14)","decl":{"start":{"line":71,"column":17},"end":{"line":71,"column":18}},"loc":{"start":{"line":72,"column":4},"end":{"line":74,"column":null}},"line":72},"15":{"name":"(anonymous_15)","decl":{"start":{"line":72,"column":8},"end":{"line":72,"column":9}},"loc":{"start":{"line":72,"column":20},"end":{"line":74,"column":6}},"line":72},"16":{"name":"(anonymous_16)","decl":{"start":{"line":75,"column":14},"end":{"line":75,"column":15}},"loc":{"start":{"line":76,"column":4},"end":{"line":78,"column":null}},"line":76},"17":{"name":"(anonymous_17)","decl":{"start":{"line":76,"column":8},"end":{"line":76,"column":9}},"loc":{"start":{"line":76,"column":20},"end":{"line":78,"column":6}},"line":76},"18":{"name":"(anonymous_18)","decl":{"start":{"line":79,"column":12},"end":{"line":79,"column":13}},"loc":{"start":{"line":80,"column":4},"end":{"line":82,"column":null}},"line":80},"19":{"name":"(anonymous_19)","decl":{"start":{"line":80,"column":8},"end":{"line":80,"column":9}},"loc":{"start":{"line":80,"column":20},"end":{"line":82,"column":6}},"line":80},"20":{"name":"(anonymous_20)","decl":{"start":{"line":83,"column":9},"end":{"line":83,"column":null}},"loc":{"start":{"line":84,"column":4},"end":{"line":95,"column":null}},"line":84}},"branchMap":{},"s":{"0":2,"1":2,"2":1,"3":5,"4":5,"5":2,"6":2,"7":1,"8":1,"9":1,"10":1,"11":1,"12":1,"13":1,"14":1,"15":1,"16":1,"17":1,"18":1,"19":1,"20":1,"21":7},"f":{"0":2,"1":1,"2":5,"3":5,"4":2,"5":2,"6":1,"7":1,"8":1,"9":1,"10":1,"11":1,"12":1,"13":1,"14":1,"15":1,"16":1,"17":1,"18":1,"19":1,"20":7},"b":{},"meta":{"lastBranch":0,"lastFunction":21,"lastStatement":22,"seen":{"s:32:13:96:Infinity":0,"f:32:54:32:55":0,"s:32:64:96:2":1,"f:46:15:46:16":1,"s:46:29:46:Infinity":2,"f:47:18:47:19":2,"s:48:4:50:Infinity":3,"f:48:8:48:9":3,"s:48:20:50:6":4,"f:51:19:51:20":4,"s:52:4:54:Infinity":5,"f:52:8:52:9":5,"s:52:20:54:6":6,"f:55:22:55:23":6,"s:56:4:58:Infinity":7,"f:56:8:56:9":7,"s:56:20:58:6":8,"f:59:17:59:18":8,"s:60:4:62:Infinity":9,"f:60:8:60:9":9,"s:60:20:62:6":10,"f:63:16:63:17":10,"s:64:4:66:Infinity":11,"f:64:8:64:9":11,"s:64:20:66:6":12,"f:67:18:67:19":12,"s:68:4:70:Infinity":13,"f:68:8:68:9":13,"s:68:20:70:6":14,"f:71:17:71:18":14,"s:72:4:74:Infinity":15,"f:72:8:72:9":15,"s:72:20:74:6":16,"f:75:14:75:15":16,"s:76:4:78:Infinity":17,"f:76:8:76:9":17,"s:76:20:78:6":18,"f:79:12:79:13":18,"s:80:4:82:Infinity":19,"f:80:8:80:9":19,"s:80:20:82:6":20,"f:83:9:83:Infinity":20,"s:84:4:95:Infinity":21}}}
}
