TN:
SF:src/App.tsx
FN:1,App
FNF:1
FNH:1
FNDA:2,App
DA:2,2
LF:1
LH:1
BRF:0
BRH:0
end_of_record
TN:
SF:src/api/index.ts
FN:8,invokeTyped
FN:20,healthCheck
FN:25,getScreenshots
FN:29,searchScreenshots
FN:33,getScreenshotById
FN:38,selectForBatch
FN:42,deselectFromBatch
FN:46,deleteBatchItems
FN:51,getSettings
FN:55,saveSettings
FN:60,analyzeWithAI
FN:64,generateSummary
FNF:12
FNH:12
FNDA:32,invokeTyped
FNDA:1,healthCheck
FNDA:4,getScreenshots
FNDA:3,searchScreenshots
FNDA:2,getScreenshotById
FNDA:3,selectForBatch
FNDA:2,deselectFromBatch
FNDA:2,deleteBatchItems
FNDA:3,getSettings
FNDA:3,saveSettings
FNDA:3,analyzeWithAI
FNDA:2,generateSummary
DA:12,32
DA:21,1
DA:26,4
DA:30,3
DA:34,2
DA:39,3
DA:43,2
DA:47,2
DA:52,3
DA:56,3
DA:61,3
DA:65,2
LF:12
LH:12
BRF:0
BRH:0
end_of_record
TN:
SF:src/stores/useBatchStore.ts
FN:22,(anonymous_0)
FN:30,(anonymous_1)
FN:31,(anonymous_2)
FN:35,(anonymous_3)
FN:46,(anonymous_4)
FN:47,(anonymous_5)
FN:54,(anonymous_6)
FN:62,(anonymous_7)
FN:70,(anonymous_8)
FN:78,(anonymous_9)
FNF:10
FNH:10
FNDA:3,(anonymous_0)
FNDA:9,(anonymous_1)
FNDA:9,(anonymous_2)
FNDA:3,(anonymous_3)
FNDA:5,(anonymous_4)
FNDA:5,(anonymous_5)
FNDA:11,(anonymous_6)
FNDA:2,(anonymous_7)
FNDA:3,(anonymous_8)
FNDA:21,(anonymous_9)
DA:22,3
DA:31,9
DA:32,9
DA:33,9
DA:34,9
DA:35,3
DA:37,9
DA:47,5
DA:55,11
DA:63,2
DA:71,3
DA:79,21
LF:12
LH:12
BRDA:34,0,0,3
BRDA:34,0,1,6
BRDA:49,1,0,1
BRDA:49,1,1,4
BRDA:73,2,0,2
BRDA:73,2,1,1
BRF:6
BRH:6
end_of_record
TN:
SF:src/stores/useGalleryStore.ts
FN:20,(anonymous_0)
FN:27,(anonymous_1)
FN:28,(anonymous_2)
FN:29,(anonymous_3)
FN:32,(anonymous_4)
FN:33,(anonymous_5)
FN:34,(anonymous_6)
FN:38,(anonymous_7)
FN:39,(anonymous_8)
FN:40,(anonymous_9)
FN:42,(anonymous_10)
FN:43,(anonymous_11)
FN:44,(anonymous_12)
FNF:13
FNH:13
FNDA:3,(anonymous_0)
FNDA:10,(anonymous_1)
FNDA:6,(anonymous_2)
FNDA:6,(anonymous_3)
FNDA:3,(anonymous_4)
FNDA:3,(anonymous_5)
FNDA:4,(anonymous_6)
FNDA:1,(anonymous_7)
FNDA:1,(anonymous_8)
FNDA:1,(anonymous_9)
FNDA:2,(anonymous_10)
FNDA:3,(anonymous_11)
FNDA:21,(anonymous_12)
DA:20,3
DA:27,10
DA:29,6
DA:33,3
DA:35,4
DA:39,1
DA:40,1
DA:42,2
DA:43,3
DA:45,21
LF:10
LH:10
BRDA:35,0,0,2
BRDA:35,0,1,2
BRF:2
BRH:2
end_of_record
TN:
SF:src/stores/useSettingsStore.ts
FN:22,(anonymous_0)
FN:36,(anonymous_1)
FN:37,(anonymous_2)
FN:38,(anonymous_3)
FN:41,(anonymous_4)
FN:42,(anonymous_5)
FN:45,(anonymous_6)
FN:46,(anonymous_7)
FN:49,(anonymous_8)
FN:50,(anonymous_9)
FN:53,(anonymous_10)
FN:54,(anonymous_11)
FN:57,(anonymous_12)
FN:58,(anonymous_13)
FN:61,(anonymous_14)
FN:62,(anonymous_15)
FN:65,(anonymous_16)
FN:66,(anonymous_17)
FN:69,(anonymous_18)
FN:70,(anonymous_19)
FN:73,(anonymous_20)
FNF:21
FNH:21
FNDA:3,(anonymous_0)
FNDA:1,(anonymous_1)
FNDA:7,(anonymous_2)
FNDA:7,(anonymous_3)
FNDA:3,(anonymous_4)
FNDA:3,(anonymous_5)
FNDA:1,(anonymous_6)
FNDA:1,(anonymous_7)
FNDA:1,(anonymous_8)
FNDA:1,(anonymous_9)
FNDA:1,(anonymous_10)
FNDA:1,(anonymous_11)
FNDA:1,(anonymous_12)
FNDA:1,(anonymous_13)
FNDA:1,(anonymous_14)
FNDA:1,(anonymous_15)
FNDA:1,(anonymous_16)
FNDA:1,(anonymous_17)
FNDA:1,(anonymous_18)
FNDA:1,(anonymous_19)
FNDA:25,(anonymous_20)
DA:22,3
DA:36,1
DA:38,7
DA:42,3
DA:46,1
DA:50,1
DA:54,1
DA:58,1
DA:62,1
DA:66,1
DA:70,1
DA:74,25
LF:12
LH:12
BRF:0
BRH:0
end_of_record
TN:
SF:src/test/setup.ts
FNF:0
FNH:0
LF:0
LH:0
BRF:0
BRH:0
end_of_record
